<?xml version="1.0" encoding="UTF-8"?>
<coverage generated="1616341429384" clover="3.2.0">
  <project timestamp="1616341429384" name="All files">
    <metrics statements="25" coveredstatements="22" conditionals="12" coveredconditionals="11" methods="8" coveredmethods="7" elements="45" coveredelements="40" complexity="0" loc="25" ncloc="25" packages="1" files="2" classes="2"/>
    <file name="game.jsx" path="F:\Ders\BS436_WebProgramlama\odev\ders04\kart\src\game.jsx">
      <metrics statements="23" coveredstatements="22" conditionals="12" coveredconditionals="11" methods="7" coveredmethods="7"/>
      <line num="5" count="3" type="stmt"/>
      <line num="6" count="3" type="stmt"/>
      <line num="16" count="3" type="stmt"/>
      <line num="17" count="33" type="stmt"/>
      <line num="19" count="33" type="cond" truecount="1" falsecount="1"/>
      <line num="20" count="33" type="stmt"/>
      <line num="23" count="33" type="cond" truecount="2" falsecount="0"/>
      <line num="24" count="15" type="stmt"/>
      <line num="25" count="15" type="stmt"/>
      <line num="27" count="18" type="stmt"/>
      <line num="28" count="18" type="cond" truecount="2" falsecount="0"/>
      <line num="29" count="5" type="stmt"/>
      <line num="32" count="33" type="stmt"/>
      <line num="38" count="33" type="cond" truecount="2" falsecount="0"/>
      <line num="39" count="20" type="stmt"/>
      <line num="45" count="0" type="stmt"/>
      <line num="48" count="3" type="stmt"/>
      <line num="49" count="20" type="stmt"/>
      <line num="59" count="56" type="stmt"/>
      <line num="60" count="56" type="stmt"/>
      <line num="64" count="21" type="stmt"/>
      <line num="65" count="6" type="stmt"/>
      <line num="66" count="6" type="stmt"/>
    </file>
    <file name="index.jsx" path="F:\Ders\BS436_WebProgramlama\odev\ders04\kart\src\index.jsx">
      <metrics statements="2" coveredstatements="0" conditionals="0" coveredconditionals="0" methods="1" coveredmethods="0"/>
      <line num="8" count="0" type="stmt"/>
      <line num="15" count="0" type="stmt"/>
    </file>
  </project>
</coverage>
