{"F:\\Ders\\BS436_WebProgramlama\\odev\\ders04\\kart\\src\\game.jsx": {"path":"F:\\Ders\\BS436_WebProgramlama\\odev\\ders04\\kart\\src\\game.jsx","statementMap":{"0":{"start":{"line":5,"column":8},"end":{"line":5,"column":21}},"1":{"start":{"line":6,"column":8},"end":{"line":12,"column":9}},"2":{"start":{"line":16,"column":14},"end":{"line":46,"column":5}},"3":{"start":{"line":17,"column":61},"end":{"line":17,"column":71}},"4":{"start":{"line":19,"column":8},"end":{"line":45,"column":18}},"5":{"start":{"line":20,"column":29},"end":{"line":20,"column":38}},"6":{"start":{"line":23,"column":12},"end":{"line":31,"column":13}},"7":{"start":{"line":24,"column":16},"end":{"line":24,"column":49}},"8":{"start":{"line":25,"column":16},"end":{"line":25,"column":39}},"9":{"start":{"line":27,"column":16},"end":{"line":27,"column":50}},"10":{"start":{"line":28,"column":16},"end":{"line":30,"column":17}},"11":{"start":{"line":29,"column":20},"end":{"line":29,"column":44}},"12":{"start":{"line":32,"column":12},"end":{"line":36,"column":15}},"13":{"start":{"line":38,"column":12},"end":{"line":42,"column":13}},"14":{"start":{"line":39,"column":16},"end":{"line":41,"column":18}},"15":{"start":{"line":45,"column":12},"end":{"line":45,"column":18}},"16":{"start":{"line":48,"column":15},"end":{"line":56,"column":5}},"17":{"start":{"line":49,"column":8},"end":{"line":55,"column":10}},"18":{"start":{"line":59,"column":32},"end":{"line":59,"column":42}},"19":{"start":{"line":60,"column":8},"end":{"line":74,"column":10}},"20":{"start":{"line":64,"column":66},"end":{"line":64,"column":81}},"21":{"start":{"line":65,"column":66},"end":{"line":65,"column":81}},"22":{"start":{"line":66,"column":66},"end":{"line":66,"column":81}}},"fnMap":{"0":{"name":"(anonymous_0)","decl":{"start":{"line":4,"column":4},"end":{"line":4,"column":5}},"loc":{"start":{"line":4,"column":23},"end":{"line":13,"column":5}},"line":4},"1":{"name":"(anonymous_1)","decl":{"start":{"line":16,"column":14},"end":{"line":16,"column":15}},"loc":{"start":{"line":16,"column":25},"end":{"line":46,"column":5}},"line":16},"2":{"name":"(anonymous_2)","decl":{"start":{"line":48,"column":15},"end":{"line":48,"column":16}},"loc":{"start":{"line":48,"column":21},"end":{"line":56,"column":5}},"line":48},"3":{"name":"(anonymous_3)","decl":{"start":{"line":58,"column":4},"end":{"line":58,"column":5}},"loc":{"start":{"line":58,"column":12},"end":{"line":75,"column":5}},"line":58},"4":{"name":"(anonymous_4)","decl":{"start":{"line":64,"column":61},"end":{"line":64,"column":62}},"loc":{"start":{"line":64,"column":65},"end":{"line":64,"column":82}},"line":64},"5":{"name":"(anonymous_5)","decl":{"start":{"line":65,"column":61},"end":{"line":65,"column":62}},"loc":{"start":{"line":65,"column":65},"end":{"line":65,"column":82}},"line":65},"6":{"name":"(anonymous_6)","decl":{"start":{"line":66,"column":61},"end":{"line":66,"column":62}},"loc":{"start":{"line":66,"column":65},"end":{"line":66,"column":82}},"line":66}},"branchMap":{"0":{"loc":{"start":{"line":19,"column":8},"end":{"line":45,"column":18}},"type":"if","locations":[{"start":{"line":19,"column":8},"end":{"line":45,"column":18}},{"start":{"line":19,"column":8},"end":{"line":45,"column":18}}],"line":19},"1":{"loc":{"start":{"line":23,"column":12},"end":{"line":31,"column":13}},"type":"if","locations":[{"start":{"line":23,"column":12},"end":{"line":31,"column":13}},{"start":{"line":23,"column":12},"end":{"line":31,"column":13}}],"line":23},"2":{"loc":{"start":{"line":28,"column":16},"end":{"line":30,"column":17}},"type":"if","locations":[{"start":{"line":28,"column":16},"end":{"line":30,"column":17}},{"start":{"line":28,"column":16},"end":{"line":30,"column":17}}],"line":28},"3":{"loc":{"start":{"line":38,"column":12},"end":{"line":42,"column":13}},"type":"if","locations":[{"start":{"line":38,"column":12},"end":{"line":42,"column":13}},{"start":{"line":38,"column":12},"end":{"line":42,"column":13}}],"line":38},"4":{"loc":{"start":{"line":68,"column":24},"end":{"line":68,"column":91}},"type":"cond-expr","locations":[{"start":{"line":68,"column":30},"end":{"line":68,"column":35}},{"start":{"line":68,"column":36},"end":{"line":68,"column":91}}],"line":68},"5":{"loc":{"start":{"line":69,"column":21},"end":{"line":71,"column":24}},"type":"binary-expr","locations":[{"start":{"line":69,"column":21},"end":{"line":69,"column":26}},{"start":{"line":69,"column":30},"end":{"line":71,"column":24}}],"line":69}},"s":{"0":3,"1":3,"2":3,"3":33,"4":33,"5":33,"6":33,"7":15,"8":15,"9":18,"10":18,"11":5,"12":33,"13":33,"14":20,"15":0,"16":3,"17":20,"18":56,"19":56,"20":21,"21":6,"22":6},"f":{"0":3,"1":33,"2":20,"3":56,"4":21,"5":6,"6":6},"b":{"0":[33,0],"1":[15,18],"2":[5,13],"3":[20,13],"4":[20,36],"5":[56,20]},"_coverageSchema":"1a1c01bbd47fc00a2c39e90264f33305004495a9","hash":"7a9d1e85d4fcb9d4bc601e8588c0dd55e224dc58"}
,"F:\\Ders\\BS436_WebProgramlama\\odev\\ders04\\kart\\src\\index.jsx": {"path":"F:\\Ders\\BS436_WebProgramlama\\odev\\ders04\\kart\\src\\index.jsx","statementMap":{"0":{"start":{"line":8,"column":7},"end":{"line":12,"column":8}},"1":{"start":{"line":15,"column":0},"end":{"line":15,"column":58}}},"fnMap":{"0":{"name":"(anonymous_0)","decl":{"start":{"line":7,"column":3},"end":{"line":7,"column":4}},"loc":{"start":{"line":7,"column":12},"end":{"line":13,"column":4}},"line":7}},"branchMap":{},"s":{"0":0,"1":0},"f":{"0":0},"b":{}}
}
