TN:
SF:src\game.jsx
FN:4,(anonymous_0)
FN:16,(anonymous_1)
FN:48,(anonymous_2)
FN:58,(anonymous_3)
FN:64,(anonymous_4)
FN:65,(anonymous_5)
FN:66,(anonymous_6)
FNF:7
FNH:7
FNDA:3,(anonymous_0)
FNDA:33,(anonymous_1)
FNDA:20,(anonymous_2)
FNDA:56,(anonymous_3)
FNDA:21,(anonymous_4)
FNDA:6,(anonymous_5)
FNDA:6,(anonymous_6)
DA:5,3
DA:6,3
DA:16,3
DA:17,33
DA:19,33
DA:20,33
DA:23,33
DA:24,15
DA:25,15
DA:27,18
DA:28,18
DA:29,5
DA:32,33
DA:38,33
DA:39,20
DA:45,0
DA:48,3
DA:49,20
DA:59,56
DA:60,56
DA:64,21
DA:65,6
DA:66,6
LF:23
LH:22
BRDA:19,0,0,33
BRDA:19,0,1,0
BRDA:23,1,0,15
BRDA:23,1,1,18
BRDA:28,2,0,5
BRDA:28,2,1,13
BRDA:38,3,0,20
BRDA:38,3,1,13
BRDA:68,4,0,20
BRDA:68,4,1,36
BRDA:69,5,0,56
BRDA:69,5,1,20
BRF:12
BRH:11
end_of_record
TN:
SF:src\index.jsx
FN:7,(anonymous_0)
FNF:1
FNH:0
FNDA:0,(anonymous_0)
DA:8,0
DA:15,0
LF:2
LH:0
BRF:0
BRH:0
end_of_record
