<?xml version="1.0" encoding="UTF-8"?>
<coverage generated="1636207092002" clover="3.2.0">
  <project timestamp="1636207092003" name="All files">
    <metrics statements="24" coveredstatements="0" conditionals="12" coveredconditionals="0" methods="8" coveredmethods="0" elements="44" coveredelements="0" complexity="0" loc="24" ncloc="24" packages="1" files="2" classes="2"/>
    <file name="game.jsx" path="C:\Users\ahmet\Desktop\odev\1030522924_BS435_WebProgramlama\odev04\src\game.jsx">
      <metrics statements="22" coveredstatements="0" conditionals="12" coveredconditionals="0" methods="7" coveredmethods="0"/>
      <line num="6" count="0" type="stmt"/>
      <line num="7" count="0" type="stmt"/>
      <line num="17" count="0" type="stmt"/>
      <line num="18" count="0" type="stmt"/>
      <line num="20" count="0" type="cond" truecount="0" falsecount="2"/>
      <line num="21" count="0" type="stmt"/>
      <line num="24" count="0" type="cond" truecount="0" falsecount="2"/>
      <line num="25" count="0" type="stmt"/>
      <line num="26" count="0" type="stmt"/>
      <line num="28" count="0" type="stmt"/>
      <line num="29" count="0" type="cond" truecount="0" falsecount="2"/>
      <line num="30" count="0" type="stmt"/>
      <line num="33" count="0" type="stmt"/>
      <line num="39" count="0" type="cond" truecount="0" falsecount="2"/>
      <line num="40" count="0" type="stmt"/>
      <line num="48" count="0" type="stmt"/>
      <line num="49" count="0" type="stmt"/>
      <line num="59" count="0" type="stmt"/>
      <line num="60" count="0" type="stmt"/>
      <line num="65" count="0" type="stmt"/>
      <line num="66" count="0" type="stmt"/>
      <line num="67" count="0" type="stmt"/>
    </file>
    <file name="index.jsx" path="C:\Users\ahmet\Desktop\odev\1030522924_BS435_WebProgramlama\odev04\src\index.jsx">
      <metrics statements="2" coveredstatements="0" conditionals="0" coveredconditionals="0" methods="1" coveredmethods="0"/>
      <line num="7" count="0" type="stmt"/>
      <line num="13" count="0" type="stmt"/>
    </file>
  </project>
</coverage>
