{"C:\\Users\\ahmet\\Desktop\\odev\\1030522924_BS435_WebProgramlama\\odev04\\src\\game.jsx": {"path":"C:\\Users\\ahmet\\Desktop\\odev\\1030522924_BS435_WebProgramlama\\odev04\\src\\game.jsx","statementMap":{"0":{"start":{"line":6,"column":8},"end":{"line":6,"column":21}},"1":{"start":{"line":7,"column":8},"end":{"line":13,"column":9}},"2":{"start":{"line":17,"column":14},"end":{"line":46,"column":5}},"3":{"start":{"line":18,"column":61},"end":{"line":18,"column":71}},"4":{"start":{"line":20,"column":8},"end":{"line":45,"column":9}},"5":{"start":{"line":21,"column":29},"end":{"line":21,"column":38}},"6":{"start":{"line":24,"column":12},"end":{"line":32,"column":13}},"7":{"start":{"line":25,"column":16},"end":{"line":25,"column":49}},"8":{"start":{"line":26,"column":16},"end":{"line":26,"column":39}},"9":{"start":{"line":28,"column":16},"end":{"line":28,"column":50}},"10":{"start":{"line":29,"column":16},"end":{"line":31,"column":17}},"11":{"start":{"line":30,"column":20},"end":{"line":30,"column":44}},"12":{"start":{"line":33,"column":12},"end":{"line":37,"column":15}},"13":{"start":{"line":39,"column":12},"end":{"line":43,"column":13}},"14":{"start":{"line":40,"column":16},"end":{"line":42,"column":18}},"15":{"start":{"line":48,"column":15},"end":{"line":56,"column":5}},"16":{"start":{"line":49,"column":8},"end":{"line":55,"column":10}},"17":{"start":{"line":59,"column":32},"end":{"line":59,"column":42}},"18":{"start":{"line":60,"column":8},"end":{"line":76,"column":10}},"19":{"start":{"line":65,"column":73},"end":{"line":65,"column":88}},"20":{"start":{"line":66,"column":73},"end":{"line":66,"column":88}},"21":{"start":{"line":67,"column":73},"end":{"line":67,"column":88}}},"fnMap":{"0":{"name":"(anonymous_0)","decl":{"start":{"line":5,"column":4},"end":{"line":5,"column":5}},"loc":{"start":{"line":5,"column":23},"end":{"line":14,"column":5}},"line":5},"1":{"name":"(anonymous_1)","decl":{"start":{"line":17,"column":14},"end":{"line":17,"column":15}},"loc":{"start":{"line":17,"column":25},"end":{"line":46,"column":5}},"line":17},"2":{"name":"(anonymous_2)","decl":{"start":{"line":48,"column":15},"end":{"line":48,"column":16}},"loc":{"start":{"line":48,"column":21},"end":{"line":56,"column":5}},"line":48},"3":{"name":"(anonymous_3)","decl":{"start":{"line":58,"column":4},"end":{"line":58,"column":5}},"loc":{"start":{"line":58,"column":13},"end":{"line":77,"column":5}},"line":58},"4":{"name":"(anonymous_4)","decl":{"start":{"line":65,"column":65},"end":{"line":65,"column":66}},"loc":{"start":{"line":65,"column":71},"end":{"line":65,"column":90}},"line":65},"5":{"name":"(anonymous_5)","decl":{"start":{"line":66,"column":65},"end":{"line":66,"column":66}},"loc":{"start":{"line":66,"column":71},"end":{"line":66,"column":90}},"line":66},"6":{"name":"(anonymous_6)","decl":{"start":{"line":67,"column":65},"end":{"line":67,"column":66}},"loc":{"start":{"line":67,"column":71},"end":{"line":67,"column":90}},"line":67}},"branchMap":{"0":{"loc":{"start":{"line":20,"column":8},"end":{"line":45,"column":9}},"type":"if","locations":[{"start":{"line":20,"column":8},"end":{"line":45,"column":9}},{"start":{},"end":{}}],"line":20},"1":{"loc":{"start":{"line":24,"column":12},"end":{"line":32,"column":13}},"type":"if","locations":[{"start":{"line":24,"column":12},"end":{"line":32,"column":13}},{"start":{"line":27,"column":19},"end":{"line":32,"column":13}}],"line":24},"2":{"loc":{"start":{"line":29,"column":16},"end":{"line":31,"column":17}},"type":"if","locations":[{"start":{"line":29,"column":16},"end":{"line":31,"column":17}},{"start":{},"end":{}}],"line":29},"3":{"loc":{"start":{"line":39,"column":12},"end":{"line":43,"column":13}},"type":"if","locations":[{"start":{"line":39,"column":12},"end":{"line":43,"column":13}},{"start":{},"end":{}}],"line":39},"4":{"loc":{"start":{"line":69,"column":28},"end":{"line":69,"column":99}},"type":"cond-expr","locations":[{"start":{"line":69,"column":36},"end":{"line":69,"column":41}},{"start":{"line":69,"column":44},"end":{"line":69,"column":99}}],"line":69},"5":{"loc":{"start":{"line":70,"column":25},"end":{"line":72,"column":28}},"type":"binary-expr","locations":[{"start":{"line":70,"column":25},"end":{"line":70,"column":30}},{"start":{"line":70,"column":34},"end":{"line":72,"column":28}}],"line":70}},"s":{"0":0,"1":0,"2":0,"3":0,"4":0,"5":0,"6":0,"7":0,"8":0,"9":0,"10":0,"11":0,"12":0,"13":0,"14":0,"15":0,"16":0,"17":0,"18":0,"19":0,"20":0,"21":0},"f":{"0":0,"1":0,"2":0,"3":0,"4":0,"5":0,"6":0},"b":{"0":[0,0],"1":[0,0],"2":[0,0],"3":[0,0],"4":[0,0],"5":[0,0]},"_coverageSchema":"1a1c01bbd47fc00a2c39e90264f33305004495a9","hash":"28b7e7d4ff44d15da9c66007413b9e8078468a73"}
,"C:\\Users\\ahmet\\Desktop\\odev\\1030522924_BS435_WebProgramlama\\odev04\\src\\index.jsx": {"path":"C:\\Users\\ahmet\\Desktop\\odev\\1030522924_BS435_WebProgramlama\\odev04\\src\\index.jsx","statementMap":{"0":{"start":{"line":7,"column":8},"end":{"line":10,"column":15}},"1":{"start":{"line":13,"column":0},"end":{"line":13,"column":58}}},"fnMap":{"0":{"name":"(anonymous_0)","decl":{"start":{"line":6,"column":4},"end":{"line":6,"column":5}},"loc":{"start":{"line":6,"column":12},"end":{"line":11,"column":5}},"line":6}},"branchMap":{},"s":{"0":0,"1":0},"f":{"0":0},"b":{}}
}
